<?xml version="1.0" encoding="UTF-8"?>
<!-- Generated by org.testng.reporters.JUnitReportReporter -->
<testsuite hostname="LAPTOP-QJPOCRT2" failures="0" tests="2" name="com.qa.testcases.BuzzTest" time="22.969" errors="0" timestamp="2024-07-25T17:48:27 AEST" skipped="0">
  <testcase classname="com.qa.testcases.BuzzTest" name="Header" time="8.903"/>
  <testcase classname="com.qa.testcases.BuzzTest" name="Scrolldown" time="14.066"/>
</testsuite> <!-- com.qa.testcases.BuzzTest -->
