<?xml version="1.0" encoding="UTF-8"?>
<!-- Generated by org.testng.reporters.JUnitReportReporter -->
<testsuite hostname="LAPTOP-QJPOCRT2" failures="0" tests="3" name="com.qa.testcases.DirectoryTest" time="37.901" errors="0" timestamp="2024-07-25T17:48:27 AEST" skipped="0">
  <testcase classname="com.qa.testcases.DirectoryTest" name="Title" time="8.054"/>
  <testcase classname="com.qa.testcases.DirectoryTest" name="Search" time="20.502"/>
  <testcase classname="com.qa.testcases.DirectoryTest" name="ClaimClick" time="9.345"/>
</testsuite> <!-- com.qa.testcases.DirectoryTest -->
