<?xml version="1.0" encoding="UTF-8"?>
<!-- Generated by org.testng.reporters.JUnitReportReporter -->
<testsuite hostname="LAPTOP-QJPOCRT2" failures="0" tests="5" name="com.qa.testcases.PerformanceTest" time="47.476" errors="0" timestamp="2024-07-25T17:48:27 AEST" skipped="0">
  <testcase classname="com.qa.testcases.PerformanceTest" name="ValidateTitle" time="9.260"/>
  <testcase classname="com.qa.testcases.PerformanceTest" name="Title" time="9.661"/>
  <testcase classname="com.qa.testcases.PerformanceTest" name="ManageReview" time="8.938"/>
  <testcase classname="com.qa.testcases.PerformanceTest" name="Mytracker" time="11.099"/>
  <testcase classname="com.qa.testcases.PerformanceTest" name="DirClick" time="8.518"/>
</testsuite> <!-- com.qa.testcases.PerformanceTest -->
