<?xml version="1.0" encoding="UTF-8"?>
<!-- Generated by org.testng.reporters.JUnitReportReporter -->
<testsuite hostname="LAPTOP-QJPOCRT2" failures="0" tests="5" name="com.qa.testcases.MyInfoTest" time="57.980" errors="0" timestamp="2024-07-25T17:48:27 AEST" skipped="0">
  <testcase classname="com.qa.testcases.MyInfoTest" name="Validatetiltile" time="7.903"/>
  <testcase classname="com.qa.testcases.MyInfoTest" name="Username" time="8.367"/>
  <testcase classname="com.qa.testcases.MyInfoTest" name="DetailsPage" time="12.911"/>
  <testcase classname="com.qa.testcases.MyInfoTest" name="AllDetails" time="19.039"/>
  <testcase classname="com.qa.testcases.MyInfoTest" name="Perfomanceclick" time="9.760"/>
</testsuite> <!-- com.qa.testcases.MyInfoTest -->
