<?xml version="1.0" encoding="UTF-8"?>
<!-- Generated by org.testng.reporters.JUnitReportReporter -->
<testsuite hostname="LAPTOP-QJPOCRT2" failures="0" tests="4" name="com.qa.testcases.TimeTest" time="43.561" errors="0" timestamp="2024-07-25T17:48:27 AEST" skipped="0">
  <testcase classname="com.qa.testcases.TimeTest" name="ValidateTitle" time="8.908"/>
  <testcase classname="com.qa.testcases.TimeTest" name="validateMyTimeSheet" time="8.837"/>
  <testcase classname="com.qa.testcases.TimeTest" name="ValidateMyRecords" time="16.088"/>
  <testcase classname="com.qa.testcases.TimeTest" name="MyInfoClick" time="9.728"/>
</testsuite> <!-- com.qa.testcases.TimeTest -->
