<?xml version="1.0" encoding="UTF-8"?>
<!-- Generated by org.testng.reporters.JUnitReportReporter -->
<testsuite hostname="LAPTOP-QJPOCRT2" failures="0" tests="5" name="com.qa.testcases.DashboardTest" time="40.113" errors="0" timestamp="2024-07-25T17:48:27 AEST" skipped="0">
  <testcase classname="com.qa.testcases.DashboardTest" name="Validatetitle" time="7.387"/>
  <testcase classname="com.qa.testcases.DashboardTest" name="Validateashboard" time="10.003"/>
  <testcase classname="com.qa.testcases.DashboardTest" name="ValidatePuchedOut" time="8.299"/>
  <testcase classname="com.qa.testcases.DashboardTest" name="ScrollIntoView" time="6.681"/>
  <testcase classname="com.qa.testcases.DashboardTest" name="TimeClick" time="7.743"/>
</testsuite> <!-- com.qa.testcases.DashboardTest -->
