<?xml version="1.0" encoding="UTF-8"?>
<!-- Generated by org.testng.reporters.JUnitReportReporter -->
<testsuite hostname="LAPTOP-QJPOCRT2" failures="0" tests="3" name="com.qa.testcases.ClaimTest" time="32.844" errors="0" timestamp="2024-07-25T17:48:27 AEST" skipped="0">
  <testcase classname="com.qa.testcases.ClaimTest" name="Header" time="11.522"/>
  <testcase classname="com.qa.testcases.ClaimTest" name="Submit" time="11.624"/>
  <testcase classname="com.qa.testcases.ClaimTest" name="Buzzclick" time="9.698"/>
</testsuite> <!-- com.qa.testcases.ClaimTest -->
